<?xml version="1.0" encoding="UTF-8"?>
<!-- Generated by org.testng.reporters.JUnitReportReporter -->
<testsuite hostname="Facundos-MacBook-Pro.local" failures="0" tests="1" name="com.solvd.carina.demo.HelloWorld" time="0.022" errors="0" timestamp="2022-05-01T18:59:26 ART" skipped="0">
  <testcase classname="com.solvd.carina.demo.HelloWorld" name="helloWorld" time="0.022"/>
  <system-out/>
</testsuite> <!-- com.solvd.carina.demo.HelloWorld -->
